[debug] [2021-01-17T16:23:46.328Z] ----------------------------------------------------------------------
[debug] [2021-01-17T16:23:46.333Z] Command:       /Users/baypp/.nvm/versions/node/v10.13.0/bin/node /Users/baypp/.nvm/versions/node/v10.13.0/bin/firebase init
[debug] [2021-01-17T16:23:46.334Z] CLI Version:   9.2.1
[debug] [2021-01-17T16:23:46.334Z] Platform:      darwin
[debug] [2021-01-17T16:23:46.334Z] Node Version:  v10.13.0
[debug] [2021-01-17T16:23:46.335Z] Time:          Sun Jan 17 2021 17:23:46 GMT+0100 (Central European Standard Time)
[debug] [2021-01-17T16:23:46.335Z] ----------------------------------------------------------------------
[debug] [2021-01-17T16:23:46.335Z] 
[debug] [2021-01-17T16:23:46.345Z] > command requires scopes: ["email","openid","https://www.googleapis.com/auth/cloudplatformprojects.readonly","https://www.googleapis.com/auth/firebase","https://www.googleapis.com/auth/cloud-platform"]
[debug] [2021-01-17T16:23:46.345Z] > authorizing via signed-in user
[info] 
     ######## #### ########  ######## ########     ###     ######  ########
     ##        ##  ##     ## ##       ##     ##  ##   ##  ##       ##
     ######    ##  ########  ######   ########  #########  ######  ######
     ##        ##  ##    ##  ##       ##     ## ##     ##       ## ##
     ##       #### ##     ## ######## ########  ##     ##  ######  ########

You're about to initialize a Firebase project in this directory:

  /Users/baypp/dev-web-projects/bay-portfolio

[info] 
=== Project Setup
[info] 
[info] First, let's associate this project directory with a Firebase project.
[info] You can create multiple project aliases by running firebase use --add, 
[info] but for now we'll just set up a default project.
[info] 
[debug] [2021-01-17T16:23:53.539Z] >>> [apiv2][query] GET https://firebase.googleapis.com/v1beta1/projects pageSize=100
[debug] [2021-01-17T16:23:54.063Z] <<< [apiv2][status] GET https://firebase.googleapis.com/v1beta1/projects 200
[debug] [2021-01-17T16:23:54.064Z] <<< [apiv2][body] GET https://firebase.googleapis.com/v1beta1/projects [omitted]
[info] i  Using project porfolio-bay (Porfolio-bay) 
[info] 
=== Hosting Setup
[info] 
[info] Your public directory is the folder (relative to your project directory) that
[info] will contain Hosting assets to be uploaded with firebase deploy. If you
[info] have a build process for your assets, use your build's output directory.
[info] 
